<?xml version="1.0" encoding="UTF-8"?>
<testsuite xmlns:xsi="http://www.w3.org/2001/XMLSchema-instance" xsi:noNamespaceSchemaLocation="https://maven.apache.org/surefire/maven-surefire-plugin/xsd/surefire-test-report-3.0.xsd" version="3.0" name="com.company.search.conroller.CompanyControllerTest" time="8.54" tests="1" errors="0" skipped="0" failures="0">
  <properties>
[...]
</properties>
  <testcase name="testSearchCompany" classname="com.company.search.conroller.CompanyControllerTest" time="0.285">
    <system-out><![CDATA[14:48:54.830 [main] INFO org.springframework.test.context.support.AnnotationConfigContextLoaderUtils -- Could not detect default configuration classes for test class [com.company.search.conroller.CompanyControllerTest]: CompanyControllerTest does not declare any static, non-private, non-final, nested classes annotated with @Configuration.
14:48:54.975 [main] INFO org.springframework.boot.test.context.SpringBootTestContextBootstrapper -- Found @SpringBootConfiguration com.company.search.CompanySearchApplication for test class com.company.search.conroller.CompanyControllerTest

  .   ____          _            __ _ _
 /\\ / ___'_ __ _ _(_)_ __  __ _ \ \ \ \
( ( )\___ | '_ | '_| | '_ \/ _` | \ \ \ \
 \\/  ___)| |_)| | | | | || (_| |  ) ) ) )
  '  |____| .__|_| |_|_| |_\__, | / / / /
 =========|_|==============|___/=/_/_/_/
 :: Spring Boot ::                (v3.2.5)

2024-05-23T14:48:55.450+01:00  INFO 68540 --- [SpringExercise] [           main] c.c.s.conroller.CompanyControllerTest    : Starting CompanyControllerTest using Java 17.0.11 with PID 68540 (started by rameshjangili in /Users/rameshjangili/workspace/spring-exercise)
2024-05-23T14:48:55.452+01:00  INFO 68540 --- [SpringExercise] [           main] c.c.s.conroller.CompanyControllerTest    : No active profile set, falling back to 1 default profile: "default"
2024-05-23T14:48:56.207+01:00  INFO 68540 --- [SpringExercise] [           main] .s.d.r.c.RepositoryConfigurationDelegate : Bootstrapping Spring Data JPA repositories in DEFAULT mode.
2024-05-23T14:48:56.279+01:00  INFO 68540 --- [SpringExercise] [           main] .s.d.r.c.RepositoryConfigurationDelegate : Finished Spring Data repository scanning in 61 ms. Found 1 JPA repository interface.
2024-05-23T14:48:58.383+01:00  INFO 68540 --- [SpringExercise] [           main] com.zaxxer.hikari.HikariDataSource       : HikariPool-1 - Starting...
2024-05-23T14:48:58.682+01:00  INFO 68540 --- [SpringExercise] [           main] com.zaxxer.hikari.pool.HikariPool        : HikariPool-1 - Added connection conn0: url=jdbc:h2:mem:35ea7bf8-6195-4697-b73f-06977c8c66e8 user=SA
2024-05-23T14:48:58.684+01:00  INFO 68540 --- [SpringExercise] [           main] com.zaxxer.hikari.HikariDataSource       : HikariPool-1 - Start completed.
2024-05-23T14:48:58.751+01:00  INFO 68540 --- [SpringExercise] [           main] o.hibernate.jpa.internal.util.LogHelper  : HHH000204: Processing PersistenceUnitInfo [name: default]
2024-05-23T14:48:58.851+01:00  INFO 68540 --- [SpringExercise] [           main] org.hibernate.Version                    : HHH000412: Hibernate ORM core version 6.4.4.Final
2024-05-23T14:48:58.913+01:00  INFO 68540 --- [SpringExercise] [           main] o.h.c.internal.RegionFactoryInitiator    : HHH000026: Second-level cache disabled
2024-05-23T14:48:59.090+01:00  INFO 68540 --- [SpringExercise] [           main] o.s.o.j.p.SpringPersistenceUnitInfo      : No LoadTimeWeaver setup: ignoring JPA class transformer
2024-05-23T14:49:00.310+01:00  INFO 68540 --- [SpringExercise] [           main] o.h.e.t.j.p.i.JtaPlatformInitiator       : HHH000489: No JTA platform available (set 'hibernate.transaction.jta.platform' to enable JTA platform integration)
2024-05-23T14:49:00.370+01:00  INFO 68540 --- [SpringExercise] [           main] j.LocalContainerEntityManagerFactoryBean : Initialized JPA EntityManagerFactory for persistence unit 'default'
2024-05-23T14:49:00.948+01:00  WARN 68540 --- [SpringExercise] [           main] JpaBaseConfiguration$JpaWebConfiguration : spring.jpa.open-in-view is enabled by default. Therefore, database queries may be performed during view rendering. Explicitly configure spring.jpa.open-in-view to disable this warning
2024-05-23T14:49:02.796+01:00  INFO 68540 --- [SpringExercise] [           main] o.s.b.t.m.w.SpringBootMockServletContext : Initializing Spring TestDispatcherServlet ''
2024-05-23T14:49:02.797+01:00  INFO 68540 --- [SpringExercise] [           main] o.s.t.web.servlet.TestDispatcherServlet  : Initializing Servlet ''
2024-05-23T14:49:02.799+01:00  INFO 68540 --- [SpringExercise] [           main] o.s.t.web.servlet.TestDispatcherServlet  : Completed initialization in 1 ms
2024-05-23T14:49:02.827+01:00  INFO 68540 --- [SpringExercise] [           main] c.c.s.conroller.CompanyControllerTest    : Started CompanyControllerTest in 7.655 seconds (process running for 8.902)
]]></system-out>
  </testcase>
</testsuite>